0 info it worked if it ends with ok
1 verbose cli [ '/usr/local/bin/node', '/usr/local/bin/npm', 'run', 'coverage' ]
2 info using npm@3.10.10
3 info using node@v6.10.1
4 verbose run-script [ 'precoverage', 'coverage', 'postcoverage' ]
5 info lifecycle geonames.js@1.0.3~precoverage: geonames.js@1.0.3
6 silly lifecycle geonames.js@1.0.3~precoverage: no script for precoverage, continuing
7 info lifecycle geonames.js@1.0.3~coverage: geonames.js@1.0.3
8 verbose lifecycle geonames.js@1.0.3~coverage: unsafe-perm in lifecycle true
9 verbose lifecycle geonames.js@1.0.3~coverage: PATH: /usr/local/lib/node_modules/npm/bin/node-gyp-bin:/Users/karim/Workspace/geonames/node_modules/.bin:/usr/local/bin:/usr/bin:/bin:/usr/sbin:/sbin:/Users/karim/mongodb/bin
10 verbose lifecycle geonames.js@1.0.3~coverage: CWD: /Users/karim/Workspace/geonames
11 silly lifecycle geonames.js@1.0.3~coverage: Args: [ '-c',
11 silly lifecycle   'nyc npm test && nyc report --reporter=text-lcov | coveralls' ]
12 silly lifecycle geonames.js@1.0.3~coverage: Returned: code: 1  signal: null
13 info lifecycle geonames.js@1.0.3~coverage: Failed to exec coverage script
14 verbose stack Error: geonames.js@1.0.3 coverage: `nyc npm test && nyc report --reporter=text-lcov | coveralls`
14 verbose stack Exit status 1
14 verbose stack     at EventEmitter.<anonymous> (/usr/local/lib/node_modules/npm/lib/utils/lifecycle.js:255:16)
14 verbose stack     at emitTwo (events.js:106:13)
14 verbose stack     at EventEmitter.emit (events.js:191:7)
14 verbose stack     at ChildProcess.<anonymous> (/usr/local/lib/node_modules/npm/lib/utils/spawn.js:40:14)
14 verbose stack     at emitTwo (events.js:106:13)
14 verbose stack     at ChildProcess.emit (events.js:191:7)
14 verbose stack     at maybeClose (internal/child_process.js:886:16)
14 verbose stack     at Process.ChildProcess._handle.onexit (internal/child_process.js:226:5)
15 verbose pkgid geonames.js@1.0.3
16 verbose cwd /Users/karim/Workspace/geonames
17 error Darwin 16.3.0
18 error argv "/usr/local/bin/node" "/usr/local/bin/npm" "run" "coverage"
19 error node v6.10.1
20 error npm  v3.10.10
21 error code ELIFECYCLE
22 error geonames.js@1.0.3 coverage: `nyc npm test && nyc report --reporter=text-lcov | coveralls`
22 error Exit status 1
23 error Failed at the geonames.js@1.0.3 coverage script 'nyc npm test && nyc report --reporter=text-lcov | coveralls'.
23 error Make sure you have the latest version of node.js and npm installed.
23 error If you do, this is most likely a problem with the geonames.js package,
23 error not with npm itself.
23 error Tell the author that this fails on your system:
23 error     nyc npm test && nyc report --reporter=text-lcov | coveralls
23 error You can get information on how to open an issue for this project with:
23 error     npm bugs geonames.js
23 error Or if that isn't available, you can get their info via:
23 error     npm owner ls geonames.js
23 error There is likely additional logging output above.
24 verbose exit [ 1, true ]
